<?xml version="1.0" encoding="UTF-8"?>
<!-- Generated by org.testng.reporters.JUnitReportReporter -->
<testsuite hostname="LapWinX-DAC141" name="org.testFunctions.Application_Login" tests="1" failures="0" timestamp="3 Mar 2024 19:53:26 GMT" time="30.943" errors="0">
  <testcase name="tc_001" time="30.943" classname="org.testFunctions.Application_Login"/>
</testsuite> <!-- org.testFunctions.Application_Login -->
